epoch	loss	prec1	prec5	lr
1	1.2632465362548828	53.22840118408203	93.80744171142578	0.04
2	0.9324479103088379	66.36029815673828	97.67922973632812	0.04
3	0.8357840776443481	70.48483276367188	98.38005828857422	0.04
4	0.698710024356842	74.77021789550781	98.57537078857422	0.04
5	0.6447834372520447	77.1484375	99.01194763183594	0.04
6	0.5866386890411377	79.14752197265625	99.37959289550781	0.04
7	0.5802460312843323	79.69898986816406	99.25321960449219	0.04
8	0.4807582199573517	83.72013092041016	99.44853210449219	0.04
9	0.48625969886779785	82.77803039550781	99.54044342041016	0.04
10	0.41862955689430237	85.86856842041016	99.77021789550781	0.04
11	0.41042783856391907	86.10983276367188	99.64384460449219	0.04
12	0.3526507019996643	88.3616714477539	99.74724578857422	0.04
13	0.3266804814338684	89.10845947265625	99.85064697265625	0.04
14	0.34041112661361694	88.44209289550781	99.86212921142578	0.04
15	0.3202715516090393	89.61396789550781	99.94255828857422	0.04
16	0.2980078160762787	90.28033447265625	99.8851089477539	0.04
17	0.2603680193424225	91.796875	99.81617736816406	0.04
18	0.21216855943202972	93.19853210449219	99.94255828857422	0.04
19	0.24162954092025757	92.39430236816406	99.94255828857422	0.04
20	0.19885016977787018	94.10615539550781	99.96553039550781	0.04
21	0.19207163155078888	93.88787078857422	99.94255828857422	0.04
22	0.19092047214508057	93.95680236816406	99.96553039550781	0.04
23	0.1897301971912384	94.04871368408203	99.97702026367188	0.04
24	0.19866198301315308	93.76148986816406	99.93106842041016	0.04
25	0.13769279420375824	95.94439697265625	99.96553039550781	0.04
26	0.15270869433879852	95.53079223632812	100.0	0.04
27	0.16244183480739594	95.14016723632812	99.98851013183594	0.04
28	0.148737370967865	95.5882339477539	99.97702026367188	0.04
29	0.14927466213703156	95.45037078857422	99.96553039550781	0.04
30	0.14739495515823364	95.47334289550781	100.0	0.04
31	0.10279713571071625	97.31158447265625	99.98851013183594	0.04
32	0.1404813677072525	95.88694763183594	99.95404815673828	0.04
33	0.13246631622314453	96.19715118408203	99.97702026367188	0.04
34	0.11261358112096786	97.04733276367188	99.97702026367188	0.04
35	0.10694321244955063	97.03584289550781	99.98851013183594	0.04
36	0.11840367317199707	96.875	100.0	0.04
37	0.08916354924440384	97.63327026367188	100.0	0.04
38	0.07487322390079498	98.26516723632812	99.98851013183594	0.04
39	0.08541442453861237	97.94347381591797	99.98851013183594	0.04
40	0.04530986025929451	99.17279815673828	100.0	0.004
41	0.030729448422789574	99.67830657958984	100.0	0.004
42	0.030872611328959465	99.70128631591797	100.0	0.004
43	0.023953767493367195	99.8851089477539	100.0	0.004
44	0.02636645920574665	99.66681671142578	100.0	0.004
45	0.026356913149356842	99.77021789550781	100.0	0.004
46	0.021977948024868965	99.8046875	100.0	0.004
47	0.020107001066207886	99.90808868408203	100.0	0.004
48	0.01933344453573227	99.93106842041016	100.0	0.004
49	0.018335312604904175	99.94255828857422	100.0	0.004
50	0.019996892660856247	99.8851089477539	100.0	0.004
51	0.01827678456902504	99.94255828857422	100.0	0.004
52	0.019087759777903557	99.94255828857422	100.0	0.004
53	0.01813063584268093	99.8851089477539	100.0	0.004
54	0.01760195381939411	99.97702026367188	100.0	0.004
55	0.016693048179149628	99.93106842041016	100.0	0.0004000000000000001
56	0.017755383625626564	99.9195785522461	100.0	0.0004000000000000001
57	0.019282909110188484	99.86212921142578	100.0	0.0004000000000000001
58	0.017885733395814896	99.87361907958984	100.0	0.0004000000000000001
59	0.01664104498922825	100.0	100.0	0.0004000000000000001
60	0.018688667565584183	99.83915710449219	100.0	0.0004000000000000001
61	0.018507208675146103	99.87361907958984	100.0	0.0004000000000000001
62	0.01731969229876995	99.87361907958984	100.0	0.0004000000000000001
63	0.015701361000537872	99.96553039550781	100.0	0.0004000000000000001
64	0.01642698422074318	99.96553039550781	100.0	0.0004000000000000001
65	0.018466176465153694	99.90808868408203	100.0	4.000000000000001e-05
66	0.01665993221104145	99.96553039550781	100.0	4.000000000000001e-05
67	0.015371264889836311	99.94255828857422	100.0	4.000000000000001e-05
68	0.016207456588745117	99.95404815673828	100.0	4.000000000000001e-05
69	0.01734551228582859	99.94255828857422	100.0	4.000000000000001e-05
70	0.01628543622791767	99.93106842041016	100.0	4.000000000000001e-06
71	0.017533885315060616	99.89659881591797	100.0	4.000000000000001e-06
72	0.019231222569942474	99.82766723632812	100.0	4.000000000000001e-06
73	0.019704723730683327	99.81617736816406	100.0	4.000000000000001e-06
74	0.01760963536798954	99.93106842041016	100.0	4.000000000000001e-06
75	0.01665504090487957	99.95404815673828	100.0	4.000000000000001e-06
76	0.017795924097299576	99.8851089477539	100.0	4.000000000000001e-06
77	0.017191531136631966	99.86212921142578	100.0	4.000000000000001e-06
78	0.017332540825009346	99.86212921142578	100.0	4.000000000000001e-06
79	0.017580093815922737	99.89659881591797	100.0	4.000000000000001e-06
80	0.020531432703137398	99.79319763183594	100.0	4.000000000000001e-06
81	0.016997676342725754	99.96553039550781	100.0	4.000000000000001e-06
82	0.015318268910050392	99.96553039550781	100.0	4.000000000000001e-06
83	0.0186767578125	99.93106842041016	100.0	4.000000000000001e-06
84	0.015981875360012054	99.96553039550781	100.0	4.000000000000001e-06
85	0.016005514189600945	99.93106842041016	100.0	4.000000000000001e-06
86	0.01775389164686203	99.90808868408203	100.0	4.000000000000001e-06
87	0.016017526388168335	99.96553039550781	100.0	4.000000000000001e-06
88	0.0179013479501009	99.90808868408203	100.0	4.000000000000001e-06
89	0.016375532373785973	99.93106842041016	100.0	4.000000000000001e-06
90	0.016032597050070763	99.96553039550781	100.0	4.000000000000001e-06
91	0.017699724063277245	99.95404815673828	100.0	4.000000000000001e-06
92	0.015802253037691116	99.96553039550781	100.0	4.000000000000001e-06
93	0.017256757244467735	99.9195785522461	100.0	4.000000000000001e-06
94	0.015777308493852615	99.97702026367188	100.0	4.000000000000001e-06
95	0.020543619990348816	99.87361907958984	100.0	4.000000000000001e-06
96	0.016418790444731712	99.96553039550781	100.0	4.000000000000001e-06
97	0.01949453540146351	99.85064697265625	100.0	4.000000000000001e-06
98	0.017677009105682373	99.85064697265625	100.0	4.000000000000001e-06
99	0.015623875893652439	100.0	100.0	4.000000000000001e-06
100	0.017044948413968086	99.89659881591797	100.0	4.000000000000001e-06
